# JRE version: OpenJDK Runtime Environment Temurin-21.0.5+11 (21.0.5+11) (build 21.0.5+11-LTS)
# Java VM: OpenJDK 64-Bit Server VM Temurin-21.0.5+11 (21.0.5+11-LTS, mixed mode, emulated-client, sharing, tiered, compressed oops, compressed class ptrs, g1 gc, windows-amd64)
GC Precious Log:
 CardTable entry size: 512
 Card Set container configuration: InlinePtr #cards 5 size 8 Array Of Cards #cards 12 size 40 Howl #buckets 4 coarsen threshold 1843 Howl Bitmap #cards 512 size 80 coarsen threshold 460 Card regions per heap region 1 cards per card region 2048
 CPUs: 4 total, 4 available
 Memory: 6086M
 Large Page Support: Disabled
 NUMA Support: Disabled
 Compressed Oops: Enabled (32-bit)
 Heap Region Size: 1M
 Heap Min Capacity: 8M
 Heap Initial Capacity: 96M
 Heap Max Capacity: 1G
 Pre-touch: Disabled
 Parallel Workers: 4
 Concurrent Workers: 1
 Concurrent Refinement Workers: 4
 Periodic GC: Disabled
Heap:
 garbage-first heap   total 90112K, used 41126K [0x00000000c0000000, 0x0000000100000000)
  region size 1024K, 1 young (1024K), 0 survivors (0K)
 Metaspace       used 54642K, committed 55872K, reserved 1114112K
  class space    used 6650K, committed 7104K, reserved 1048576K
GC Heap History (20 events):
Event: 1909.602 GC heap after
{Heap after GC invocations=182 (full 169):
 garbage-first heap   total 90112K, used 41126K [0x00000000c0000000, 0x0000000100000000)
  region size 1024K, 0 young (0K), 0 survivors (0K)
 Metaspace       used 54642K, committed 55872K, reserved 1114112K
  class space    used 6650K, committed 7104K, reserved 1048576K
}
Event: 1920.448 GC heap before
{Heap before GC invocations=182 (full 169):
 garbage-first heap   total 90112K, used 41126K [0x00000000c0000000, 0x0000000100000000)
  region size 1024K, 1 young (1024K), 0 survivors (0K)
 Metaspace       used 54642K, committed 55872K, reserved 1114112K
  class space    used 6650K, committed 7104K, reserved 1048576K
}
Event: 1920.500 GC heap after
{Heap after GC invocations=183 (full 170):
 garbage-first heap   total 90112K, used 41126K [0x00000000c0000000, 0x0000000100000000)
  region size 1024K, 0 young (0K), 0 survivors (0K)
 Metaspace       used 54642K, committed 55872K, reserved 1114112K
  class space    used 6650K, committed 7104K, reserved 1048576K
}
Event: 1932.230 GC heap before
{Heap before GC invocations=183 (full 170):
 garbage-first heap   total 90112K, used 41126K [0x00000000c0000000, 0x0000000100000000)
  region size 1024K, 1 young (1024K), 0 survivors (0K)
 Metaspace       used 54642K, committed 55872K, reserved 1114112K
  class space    used 6650K, committed 7104K, reserved 1048576K
}
Event: 1932.290 GC heap after
{Heap after GC invocations=184 (full 171):
 garbage-first heap   total 90112K, used 41126K [0x00000000c0000000, 0x0000000100000000)
  region size 1024K, 0 young (0K), 0 survivors (0K)
 Metaspace       used 54642K, committed 55872K, reserved 1114112K
  class space    used 6650K, committed 7104K, reserved 1048576K
}
Event: 1944.276 GC heap before
{Heap before GC invocations=184 (full 171):
 garbage-first heap   total 90112K, used 41126K [0x00000000c0000000, 0x0000000100000000)
  region size 1024K, 1 young (1024K), 0 survivors (0K)
 Metaspace       used 54642K, committed 55872K, reserved 1114112K
  class space    used 6650K, committed 7104K, reserved 1048576K
}
Event: 1944.333 GC heap after
{Heap after GC invocations=185 (full 172):
 garbage-first heap   total 90112K, used 41126K [0x00000000c0000000, 0x0000000100000000)
  region size 1024K, 0 young (0K), 0 survivors (0K)
 Metaspace       used 54642K, committed 55872K, reserved 1114112K
  class space    used 6650K, committed 7104K, reserved 1048576K
}
Event: 1955.034 GC heap before
{Heap before GC invocations=185 (full 172):
 garbage-first heap   total 90112K, used 41126K [0x00000000c0000000, 0x0000000100000000)
  region size 1024K, 1 young (1024K), 0 survivors (0K)
 Metaspace       used 54642K, committed 55872K, reserved 1114112K
  class space    used 6650K, committed 7104K, reserved 1048576K
}
Event: 1955.112 GC heap after
{Heap after GC invocations=186 (full 173):
 garbage-first heap   total 90112K, used 41126K [0x00000000c0000000, 0x0000000100000000)
  region size 1024K, 0 young (0K), 0 survivors (0K)
 Metaspace       used 54642K, committed 55872K, reserved 1114112K
  class space    used 6650K, committed 7104K, reserved 1048576K
}
Event: 1965.890 GC heap before
{Heap before GC invocations=186 (full 173):
 garbage-first heap   total 90112K, used 41126K [0x00000000c0000000, 0x0000000100000000)
  region size 1024K, 1 young (1024K), 0 survivors (0K)
 Metaspace       used 54642K, committed 55872K, reserved 1114112K
  class space    used 6650K, committed 7104K, reserved 1048576K
}
Event: 1965.949 GC heap after
{Heap after GC invocations=187 (full 174):
 garbage-first heap   total 90112K, used 41126K [0x00000000c0000000, 0x0000000100000000)
  region size 1024K, 0 young (0K), 0 survivors (0K)
 Metaspace       used 54642K, committed 55872K, reserved 1114112K
  class space    used 6650K, committed 7104K, reserved 1048576K
}
Event: 1977.513 GC heap before
{Heap before GC invocations=187 (full 174):
 garbage-first heap   total 90112K, used 41126K [0x00000000c0000000, 0x0000000100000000)
  region size 1024K, 1 young (1024K), 0 survivors (0K)
 Metaspace       used 54642K, committed 55872K, reserved 1114112K
  class space    used 6650K, committed 7104K, reserved 1048576K
}
Event: 1977.565 GC heap after
{Heap after GC invocations=188 (full 175):
 garbage-first heap   total 90112K, used 41126K [0x00000000c0000000, 0x0000000100000000)
  region size 1024K, 0 young (0K), 0 survivors (0K)
 Metaspace       used 54642K, committed 55872K, reserved 1114112K
  class space    used 6650K, committed 7104K, reserved 1048576K
}
Event: 1993.947 GC heap before
{Heap before GC invocations=188 (full 175):
 garbage-first heap   total 90112K, used 41126K [0x00000000c0000000, 0x0000000100000000)
  region size 1024K, 1 young (1024K), 0 survivors (0K)
 Metaspace       used 54642K, committed 55872K, reserved 1114112K
  class space    used 6650K, committed 7104K, reserved 1048576K
}
Event: 1994.244 GC heap after
{Heap after GC invocations=189 (full 176):
 garbage-first heap   total 90112K, used 41126K [0x00000000c0000000, 0x0000000100000000)
  region size 1024K, 0 young (0K), 0 survivors (0K)
 Metaspace       used 54642K, committed 55872K, reserved 1114112K
  class space    used 6650K, committed 7104K, reserved 1048576K
}
Event: 2005.250 GC heap before
{Heap before GC invocations=189 (full 176):
 garbage-first heap   total 90112K, used 41126K [0x00000000c0000000, 0x0000000100000000)
  region size 1024K, 1 young (1024K), 0 survivors (0K)
 Metaspace       used 54642K, committed 55872K, reserved 1114112K
  class space    used 6650K, committed 7104K, reserved 1048576K
}
Event: 2005.302 GC heap after
{Heap after GC invocations=190 (full 177):
 garbage-first heap   total 90112K, used 41126K [0x00000000c0000000, 0x0000000100000000)
  region size 1024K, 0 young (0K), 0 survivors (0K)
 Metaspace       used 54642K, committed 55872K, reserved 1114112K
  class space    used 6650K, committed 7104K, reserved 1048576K
}
Event: 2016.424 GC heap before
{Heap before GC invocations=190 (full 177):
 garbage-first heap   total 90112K, used 41126K [0x00000000c0000000, 0x0000000100000000)
  region size 1024K, 1 young (1024K), 0 survivors (0K)
 Metaspace       used 54642K, committed 55872K, reserved 1114112K
  class space    used 6650K, committed 7104K, reserved 1048576K
}
Event: 2016.476 GC heap after
{Heap after GC invocations=191 (full 178):
 garbage-first heap   total 90112K, used 41126K [0x00000000c0000000, 0x0000000100000000)
  region size 1024K, 0 young (0K), 0 survivors (0K)
 Metaspace       used 54642K, committed 55872K, reserved 1114112K
  class space    used 6650K, committed 7104K, reserved 1048576K
}
Event: 2027.369 GC heap before
{Heap before GC invocations=191 (full 178):
 garbage-first heap   total 90112K, used 41126K [0x00000000c0000000, 0x0000000100000000)
  region size 1024K, 1 young (1024K), 0 survivors (0K)
 Metaspace       used 54642K, committed 55872K, reserved 1114112K
  class space    used 6650K, committed 7104K, reserved 1048576K
}

