# JRE version: OpenJDK Runtime Environment Temurin-21.0.5+11 (21.0.5+11) (build 21.0.5+11-LTS)
# Java VM: OpenJDK 64-Bit Server VM Temurin-21.0.5+11 (21.0.5+11-LTS, mixed mode, emulated-client, sharing, tiered, compressed oops, compressed class ptrs, g1 gc, windows-amd64)
GC Precious Log:
 CardTable entry size: 512
 Card Set container configuration: InlinePtr #cards 5 size 8 Array Of Cards #cards 12 size 40 Howl #buckets 4 coarsen threshold 1843 Howl Bitmap #cards 512 size 80 coarsen threshold 460 Card regions per heap region 1 cards per card region 2048
 CPUs: 4 total, 4 available
 Memory: 6086M
 Large Page Support: Disabled
 NUMA Support: Disabled
 Compressed Oops: Enabled (32-bit)
 Heap Region Size: 1M
 Heap Min Capacity: 8M
 Heap Initial Capacity: 96M
 Heap Max Capacity: 1G
 Pre-touch: Disabled
 Parallel Workers: 4
 Concurrent Workers: 1
 Concurrent Refinement Workers: 4
 Periodic GC: Disabled
Heap:
 garbage-first heap   total 115712K, used 44607K [0x00000000c0000000, 0x0000000100000000)
  region size 1024K, 1 young (1024K), 0 survivors (0K)
 Metaspace       used 58018K, committed 58752K, reserved 1114112K
  class space    used 7306K, committed 7616K, reserved 1048576K
GC Heap History (20 events):
Event: 4060.000 GC heap after
{Heap after GC invocations=387 (full 316):
 garbage-first heap   total 115712K, used 44616K [0x00000000c0000000, 0x0000000100000000)
  region size 1024K, 0 young (0K), 0 survivors (0K)
 Metaspace       used 58018K, committed 58752K, reserved 1114112K
  class space    used 7306K, committed 7616K, reserved 1048576K
}
Event: 4070.375 GC heap before
{Heap before GC invocations=387 (full 316):
 garbage-first heap   total 115712K, used 44616K [0x00000000c0000000, 0x0000000100000000)
  region size 1024K, 1 young (1024K), 0 survivors (0K)
 Metaspace       used 58018K, committed 58752K, reserved 1114112K
  class space    used 7306K, committed 7616K, reserved 1048576K
}
Event: 4070.438 GC heap after
{Heap after GC invocations=388 (full 317):
 garbage-first heap   total 115712K, used 44616K [0x00000000c0000000, 0x0000000100000000)
  region size 1024K, 0 young (0K), 0 survivors (0K)
 Metaspace       used 58018K, committed 58752K, reserved 1114112K
  class space    used 7306K, committed 7616K, reserved 1048576K
}
Event: 4080.696 GC heap before
{Heap before GC invocations=388 (full 317):
 garbage-first heap   total 115712K, used 44616K [0x00000000c0000000, 0x0000000100000000)
  region size 1024K, 1 young (1024K), 0 survivors (0K)
 Metaspace       used 58018K, committed 58752K, reserved 1114112K
  class space    used 7306K, committed 7616K, reserved 1048576K
}
Event: 4080.762 GC heap after
{Heap after GC invocations=389 (full 318):
 garbage-first heap   total 115712K, used 44616K [0x00000000c0000000, 0x0000000100000000)
  region size 1024K, 0 young (0K), 0 survivors (0K)
 Metaspace       used 58018K, committed 58752K, reserved 1114112K
  class space    used 7306K, committed 7616K, reserved 1048576K
}
Event: 4091.073 GC heap before
{Heap before GC invocations=389 (full 318):
 garbage-first heap   total 115712K, used 44616K [0x00000000c0000000, 0x0000000100000000)
  region size 1024K, 1 young (1024K), 0 survivors (0K)
 Metaspace       used 58018K, committed 58752K, reserved 1114112K
  class space    used 7306K, committed 7616K, reserved 1048576K
}
Event: 4091.134 GC heap after
{Heap after GC invocations=390 (full 319):
 garbage-first heap   total 115712K, used 44616K [0x00000000c0000000, 0x0000000100000000)
  region size 1024K, 0 young (0K), 0 survivors (0K)
 Metaspace       used 58018K, committed 58752K, reserved 1114112K
  class space    used 7306K, committed 7616K, reserved 1048576K
}
Event: 4101.743 GC heap before
{Heap before GC invocations=390 (full 319):
 garbage-first heap   total 115712K, used 44616K [0x00000000c0000000, 0x0000000100000000)
  region size 1024K, 1 young (1024K), 0 survivors (0K)
 Metaspace       used 58018K, committed 58752K, reserved 1114112K
  class space    used 7306K, committed 7616K, reserved 1048576K
}
Event: 4101.798 GC heap after
{Heap after GC invocations=391 (full 320):
 garbage-first heap   total 115712K, used 44616K [0x00000000c0000000, 0x0000000100000000)
  region size 1024K, 0 young (0K), 0 survivors (0K)
 Metaspace       used 58018K, committed 58752K, reserved 1114112K
  class space    used 7306K, committed 7616K, reserved 1048576K
}
Event: 4112.155 GC heap before
{Heap before GC invocations=391 (full 320):
 garbage-first heap   total 115712K, used 44616K [0x00000000c0000000, 0x0000000100000000)
  region size 1024K, 1 young (1024K), 0 survivors (0K)
 Metaspace       used 58018K, committed 58752K, reserved 1114112K
  class space    used 7306K, committed 7616K, reserved 1048576K
}
Event: 4112.215 GC heap after
{Heap after GC invocations=392 (full 321):
 garbage-first heap   total 115712K, used 44616K [0x00000000c0000000, 0x0000000100000000)
  region size 1024K, 0 young (0K), 0 survivors (0K)
 Metaspace       used 58018K, committed 58752K, reserved 1114112K
  class space    used 7306K, committed 7616K, reserved 1048576K
}
Event: 4122.751 GC heap before
{Heap before GC invocations=392 (full 321):
 garbage-first heap   total 115712K, used 44616K [0x00000000c0000000, 0x0000000100000000)
  region size 1024K, 1 young (1024K), 0 survivors (0K)
 Metaspace       used 58018K, committed 58752K, reserved 1114112K
  class space    used 7306K, committed 7616K, reserved 1048576K
}
Event: 4122.809 GC heap after
{Heap after GC invocations=393 (full 322):
 garbage-first heap   total 115712K, used 44616K [0x00000000c0000000, 0x0000000100000000)
  region size 1024K, 0 young (0K), 0 survivors (0K)
 Metaspace       used 58018K, committed 58752K, reserved 1114112K
  class space    used 7306K, committed 7616K, reserved 1048576K
}
Event: 4133.091 GC heap before
{Heap before GC invocations=393 (full 322):
 garbage-first heap   total 115712K, used 44616K [0x00000000c0000000, 0x0000000100000000)
  region size 1024K, 1 young (1024K), 0 survivors (0K)
 Metaspace       used 58018K, committed 58752K, reserved 1114112K
  class space    used 7306K, committed 7616K, reserved 1048576K
}
Event: 4133.161 GC heap after
{Heap after GC invocations=394 (full 323):
 garbage-first heap   total 115712K, used 44616K [0x00000000c0000000, 0x0000000100000000)
  region size 1024K, 0 young (0K), 0 survivors (0K)
 Metaspace       used 58018K, committed 58752K, reserved 1114112K
  class space    used 7306K, committed 7616K, reserved 1048576K
}
Event: 4143.624 GC heap before
{Heap before GC invocations=394 (full 323):
 garbage-first heap   total 115712K, used 44616K [0x00000000c0000000, 0x0000000100000000)
  region size 1024K, 1 young (1024K), 0 survivors (0K)
 Metaspace       used 58018K, committed 58752K, reserved 1114112K
  class space    used 7306K, committed 7616K, reserved 1048576K
}
Event: 4143.685 GC heap after
{Heap after GC invocations=395 (full 324):
 garbage-first heap   total 115712K, used 44607K [0x00000000c0000000, 0x0000000100000000)
  region size 1024K, 0 young (0K), 0 survivors (0K)
 Metaspace       used 58018K, committed 58752K, reserved 1114112K
  class space    used 7306K, committed 7616K, reserved 1048576K
}
Event: 4154.740 GC heap before
{Heap before GC invocations=395 (full 324):
 garbage-first heap   total 115712K, used 44607K [0x00000000c0000000, 0x0000000100000000)
  region size 1024K, 1 young (1024K), 0 survivors (0K)
 Metaspace       used 58018K, committed 58752K, reserved 1114112K
  class space    used 7306K, committed 7616K, reserved 1048576K
}
Event: 4154.805 GC heap after
{Heap after GC invocations=396 (full 325):
 garbage-first heap   total 115712K, used 44607K [0x00000000c0000000, 0x0000000100000000)
  region size 1024K, 0 young (0K), 0 survivors (0K)
 Metaspace       used 58018K, committed 58752K, reserved 1114112K
  class space    used 7306K, committed 7616K, reserved 1048576K
}
Event: 4166.379 GC heap before
{Heap before GC invocations=396 (full 325):
 garbage-first heap   total 115712K, used 44607K [0x00000000c0000000, 0x0000000100000000)
  region size 1024K, 1 young (1024K), 0 survivors (0K)
 Metaspace       used 58018K, committed 58752K, reserved 1114112K
  class space    used 7306K, committed 7616K, reserved 1048576K
}

