# JRE version: OpenJDK Runtime Environment Temurin-21.0.5+11 (21.0.5+11) (build 21.0.5+11-LTS)
# Java VM: OpenJDK 64-Bit Server VM Temurin-21.0.5+11 (21.0.5+11-LTS, mixed mode, emulated-client, sharing, tiered, compressed oops, compressed class ptrs, g1 gc, windows-amd64)
GC Precious Log:
 CardTable entry size: 512
 Card Set container configuration: InlinePtr #cards 5 size 8 Array Of Cards #cards 12 size 40 Howl #buckets 4 coarsen threshold 1843 Howl Bitmap #cards 512 size 80 coarsen threshold 460 Card regions per heap region 1 cards per card region 2048
 CPUs: 4 total, 4 available
 Memory: 6086M
 Large Page Support: Disabled
 NUMA Support: Disabled
 Compressed Oops: Enabled (32-bit)
 Heap Region Size: 1M
 Heap Min Capacity: 8M
 Heap Initial Capacity: 96M
 Heap Max Capacity: 1G
 Pre-touch: Disabled
 Parallel Workers: 4
 Concurrent Workers: 1
 Concurrent Refinement Workers: 4
 Periodic GC: Disabled
Heap:
 garbage-first heap   total 122880K, used 48778K [0x00000000c0000000, 0x0000000100000000)
  region size 1024K, 1 young (1024K), 0 survivors (0K)
 Metaspace       used 58410K, committed 59072K, reserved 1114112K
  class space    used 7364K, committed 7680K, reserved 1048576K
GC Heap History (20 events):
Event: 614.447 GC heap after
{Heap after GC invocations=79 (full 41):
 garbage-first heap   total 122880K, used 46827K [0x00000000c0000000, 0x0000000100000000)
  region size 1024K, 0 young (0K), 0 survivors (0K)
 Metaspace       used 57632K, committed 58688K, reserved 1114112K
  class space    used 7229K, committed 7680K, reserved 1048576K
}
Event: 624.856 GC heap before
{Heap before GC invocations=79 (full 41):
 garbage-first heap   total 122880K, used 46827K [0x00000000c0000000, 0x0000000100000000)
  region size 1024K, 1 young (1024K), 0 survivors (0K)
 Metaspace       used 57632K, committed 58688K, reserved 1114112K
  class space    used 7229K, committed 7680K, reserved 1048576K
}
Event: 624.901 GC heap after
{Heap after GC invocations=80 (full 42):
 garbage-first heap   total 122880K, used 46827K [0x00000000c0000000, 0x0000000100000000)
  region size 1024K, 0 young (0K), 0 survivors (0K)
 Metaspace       used 57632K, committed 58688K, reserved 1114112K
  class space    used 7229K, committed 7680K, reserved 1048576K
}
Event: 632.702 GC heap before
{Heap before GC invocations=80 (full 42):
 garbage-first heap   total 122880K, used 50923K [0x00000000c0000000, 0x0000000100000000)
  region size 1024K, 6 young (6144K), 0 survivors (0K)
 Metaspace       used 57940K, committed 58816K, reserved 1114112K
  class space    used 7275K, committed 7680K, reserved 1048576K
}
Event: 632.704 GC heap after
{Heap after GC invocations=81 (full 42):
 garbage-first heap   total 122880K, used 47724K [0x00000000c0000000, 0x0000000100000000)
  region size 1024K, 1 young (1024K), 1 survivors (1024K)
 Metaspace       used 57940K, committed 58816K, reserved 1114112K
  class space    used 7275K, committed 7680K, reserved 1048576K
}
Event: 696.042 GC heap before
{Heap before GC invocations=82 (full 42):
 garbage-first heap   total 122880K, used 77420K [0x00000000c0000000, 0x0000000100000000)
  region size 1024K, 23 young (23552K), 1 survivors (1024K)
 Metaspace       used 58444K, committed 59072K, reserved 1114112K
  class space    used 7374K, committed 7680K, reserved 1048576K
}
Event: 696.115 GC heap after
{Heap after GC invocations=83 (full 43):
 garbage-first heap   total 122880K, used 48829K [0x00000000c0000000, 0x0000000100000000)
  region size 1024K, 0 young (0K), 0 survivors (0K)
 Metaspace       used 58444K, committed 59072K, reserved 1114112K
  class space    used 7374K, committed 7680K, reserved 1048576K
}
Event: 706.452 GC heap before
{Heap before GC invocations=83 (full 43):
 garbage-first heap   total 122880K, used 48829K [0x00000000c0000000, 0x0000000100000000)
  region size 1024K, 1 young (1024K), 0 survivors (0K)
 Metaspace       used 58444K, committed 59072K, reserved 1114112K
  class space    used 7374K, committed 7680K, reserved 1048576K
}
Event: 706.515 GC heap after
{Heap after GC invocations=84 (full 44):
 garbage-first heap   total 122880K, used 48828K [0x00000000c0000000, 0x0000000100000000)
  region size 1024K, 0 young (0K), 0 survivors (0K)
 Metaspace       used 58444K, committed 59072K, reserved 1114112K
  class space    used 7374K, committed 7680K, reserved 1048576K
}
Event: 717.056 GC heap before
{Heap before GC invocations=84 (full 44):
 garbage-first heap   total 122880K, used 48828K [0x00000000c0000000, 0x0000000100000000)
  region size 1024K, 1 young (1024K), 0 survivors (0K)
 Metaspace       used 58444K, committed 59072K, reserved 1114112K
  class space    used 7374K, committed 7680K, reserved 1048576K
}
Event: 717.204 GC heap after
{Heap after GC invocations=85 (full 45):
 garbage-first heap   total 122880K, used 48779K [0x00000000c0000000, 0x0000000100000000)
  region size 1024K, 0 young (0K), 0 survivors (0K)
 Metaspace       used 58410K, committed 59072K, reserved 1114112K
  class space    used 7364K, committed 7680K, reserved 1048576K
}
Event: 727.686 GC heap before
{Heap before GC invocations=85 (full 45):
 garbage-first heap   total 122880K, used 48779K [0x00000000c0000000, 0x0000000100000000)
  region size 1024K, 1 young (1024K), 0 survivors (0K)
 Metaspace       used 58410K, committed 59072K, reserved 1114112K
  class space    used 7364K, committed 7680K, reserved 1048576K
}
Event: 727.757 GC heap after
{Heap after GC invocations=86 (full 46):
 garbage-first heap   total 122880K, used 48778K [0x00000000c0000000, 0x0000000100000000)
  region size 1024K, 0 young (0K), 0 survivors (0K)
 Metaspace       used 58410K, committed 59072K, reserved 1114112K
  class space    used 7364K, committed 7680K, reserved 1048576K
}
Event: 738.044 GC heap before
{Heap before GC invocations=86 (full 46):
 garbage-first heap   total 122880K, used 48778K [0x00000000c0000000, 0x0000000100000000)
  region size 1024K, 1 young (1024K), 0 survivors (0K)
 Metaspace       used 58410K, committed 59072K, reserved 1114112K
  class space    used 7364K, committed 7680K, reserved 1048576K
}
Event: 738.112 GC heap after
{Heap after GC invocations=87 (full 47):
 garbage-first heap   total 122880K, used 48778K [0x00000000c0000000, 0x0000000100000000)
  region size 1024K, 0 young (0K), 0 survivors (0K)
 Metaspace       used 58410K, committed 59072K, reserved 1114112K
  class space    used 7364K, committed 7680K, reserved 1048576K
}
Event: 748.675 GC heap before
{Heap before GC invocations=87 (full 47):
 garbage-first heap   total 122880K, used 48778K [0x00000000c0000000, 0x0000000100000000)
  region size 1024K, 1 young (1024K), 0 survivors (0K)
 Metaspace       used 58410K, committed 59072K, reserved 1114112K
  class space    used 7364K, committed 7680K, reserved 1048576K
}
Event: 748.741 GC heap after
{Heap after GC invocations=88 (full 48):
 garbage-first heap   total 122880K, used 48778K [0x00000000c0000000, 0x0000000100000000)
  region size 1024K, 0 young (0K), 0 survivors (0K)
 Metaspace       used 58410K, committed 59072K, reserved 1114112K
  class space    used 7364K, committed 7680K, reserved 1048576K
}
Event: 759.643 GC heap before
{Heap before GC invocations=88 (full 48):
 garbage-first heap   total 122880K, used 48778K [0x00000000c0000000, 0x0000000100000000)
  region size 1024K, 1 young (1024K), 0 survivors (0K)
 Metaspace       used 58410K, committed 59072K, reserved 1114112K
  class space    used 7364K, committed 7680K, reserved 1048576K
}
Event: 759.713 GC heap after
{Heap after GC invocations=89 (full 49):
 garbage-first heap   total 122880K, used 48778K [0x00000000c0000000, 0x0000000100000000)
  region size 1024K, 0 young (0K), 0 survivors (0K)
 Metaspace       used 58410K, committed 59072K, reserved 1114112K
  class space    used 7364K, committed 7680K, reserved 1048576K
}
Event: 772.177 GC heap before
{Heap before GC invocations=89 (full 49):
 garbage-first heap   total 122880K, used 48778K [0x00000000c0000000, 0x0000000100000000)
  region size 1024K, 1 young (1024K), 0 survivors (0K)
 Metaspace       used 58410K, committed 59072K, reserved 1114112K
  class space    used 7364K, committed 7680K, reserved 1048576K
}

