# JRE version: OpenJDK Runtime Environment Temurin-21.0.5+11 (21.0.5+11) (build 21.0.5+11-LTS)
# Java VM: OpenJDK 64-Bit Server VM Temurin-21.0.5+11 (21.0.5+11-LTS, mixed mode, emulated-client, sharing, tiered, compressed oops, compressed class ptrs, g1 gc, windows-amd64)
GC Precious Log:
 CardTable entry size: 512
 Card Set container configuration: InlinePtr #cards 5 size 8 Array Of Cards #cards 12 size 40 Howl #buckets 4 coarsen threshold 1843 Howl Bitmap #cards 512 size 80 coarsen threshold 460 Card regions per heap region 1 cards per card region 2048
 CPUs: 4 total, 4 available
 Memory: 6086M
 Large Page Support: Disabled
 NUMA Support: Disabled
 Compressed Oops: Enabled (32-bit)
 Heap Region Size: 1M
 Heap Min Capacity: 8M
 Heap Initial Capacity: 96M
 Heap Max Capacity: 1G
 Pre-touch: Disabled
 Parallel Workers: 4
 Concurrent Workers: 1
 Concurrent Refinement Workers: 4
 Periodic GC: Disabled
Heap:
 garbage-first heap   total 95232K, used 44744K [0x00000000c0000000, 0x0000000100000000)
  region size 1024K, 1 young (1024K), 0 survivors (0K)
 Metaspace       used 56689K, committed 57984K, reserved 1114112K
  class space    used 7041K, committed 7552K, reserved 1048576K
GC Heap History (20 events):
Event: 1116.571 GC heap after
{Heap after GC invocations=117 (full 98):
 garbage-first heap   total 95232K, used 44743K [0x00000000c0000000, 0x0000000100000000)
  region size 1024K, 0 young (0K), 0 survivors (0K)
 Metaspace       used 56689K, committed 57984K, reserved 1114112K
  class space    used 7041K, committed 7552K, reserved 1048576K
}
Event: 1126.801 GC heap before
{Heap before GC invocations=117 (full 98):
 garbage-first heap   total 95232K, used 44743K [0x00000000c0000000, 0x0000000100000000)
  region size 1024K, 1 young (1024K), 0 survivors (0K)
 Metaspace       used 56689K, committed 57984K, reserved 1114112K
  class space    used 7041K, committed 7552K, reserved 1048576K
}
Event: 1126.847 GC heap after
{Heap after GC invocations=118 (full 99):
 garbage-first heap   total 95232K, used 44743K [0x00000000c0000000, 0x0000000100000000)
  region size 1024K, 0 young (0K), 0 survivors (0K)
 Metaspace       used 56689K, committed 57984K, reserved 1114112K
  class space    used 7041K, committed 7552K, reserved 1048576K
}
Event: 1137.108 GC heap before
{Heap before GC invocations=118 (full 99):
 garbage-first heap   total 95232K, used 44743K [0x00000000c0000000, 0x0000000100000000)
  region size 1024K, 1 young (1024K), 0 survivors (0K)
 Metaspace       used 56689K, committed 57984K, reserved 1114112K
  class space    used 7041K, committed 7552K, reserved 1048576K
}
Event: 1137.158 GC heap after
{Heap after GC invocations=119 (full 100):
 garbage-first heap   total 95232K, used 44743K [0x00000000c0000000, 0x0000000100000000)
  region size 1024K, 0 young (0K), 0 survivors (0K)
 Metaspace       used 56689K, committed 57984K, reserved 1114112K
  class space    used 7041K, committed 7552K, reserved 1048576K
}
Event: 1148.533 GC heap before
{Heap before GC invocations=119 (full 100):
 garbage-first heap   total 95232K, used 44743K [0x00000000c0000000, 0x0000000100000000)
  region size 1024K, 1 young (1024K), 0 survivors (0K)
 Metaspace       used 56689K, committed 57984K, reserved 1114112K
  class space    used 7041K, committed 7552K, reserved 1048576K
}
Event: 1148.594 GC heap after
{Heap after GC invocations=120 (full 101):
 garbage-first heap   total 95232K, used 44743K [0x00000000c0000000, 0x0000000100000000)
  region size 1024K, 0 young (0K), 0 survivors (0K)
 Metaspace       used 56689K, committed 57984K, reserved 1114112K
  class space    used 7041K, committed 7552K, reserved 1048576K
}
Event: 4598.198 GC heap before
{Heap before GC invocations=120 (full 101):
 garbage-first heap   total 95232K, used 44743K [0x00000000c0000000, 0x0000000100000000)
  region size 1024K, 1 young (1024K), 0 survivors (0K)
 Metaspace       used 56689K, committed 57984K, reserved 1114112K
  class space    used 7041K, committed 7552K, reserved 1048576K
}
Event: 4598.262 GC heap after
{Heap after GC invocations=121 (full 102):
 garbage-first heap   total 95232K, used 44744K [0x00000000c0000000, 0x0000000100000000)
  region size 1024K, 0 young (0K), 0 survivors (0K)
 Metaspace       used 56689K, committed 57984K, reserved 1114112K
  class space    used 7041K, committed 7552K, reserved 1048576K
}
Event: 4609.027 GC heap before
{Heap before GC invocations=121 (full 102):
 garbage-first heap   total 95232K, used 44744K [0x00000000c0000000, 0x0000000100000000)
  region size 1024K, 1 young (1024K), 0 survivors (0K)
 Metaspace       used 56689K, committed 57984K, reserved 1114112K
  class space    used 7041K, committed 7552K, reserved 1048576K
}
Event: 4609.115 GC heap after
{Heap after GC invocations=122 (full 103):
 garbage-first heap   total 95232K, used 44744K [0x00000000c0000000, 0x0000000100000000)
  region size 1024K, 0 young (0K), 0 survivors (0K)
 Metaspace       used 56689K, committed 57984K, reserved 1114112K
  class space    used 7041K, committed 7552K, reserved 1048576K
}
Event: 4619.825 GC heap before
{Heap before GC invocations=122 (full 103):
 garbage-first heap   total 95232K, used 44744K [0x00000000c0000000, 0x0000000100000000)
  region size 1024K, 1 young (1024K), 0 survivors (0K)
 Metaspace       used 56689K, committed 57984K, reserved 1114112K
  class space    used 7041K, committed 7552K, reserved 1048576K
}
Event: 4619.898 GC heap after
{Heap after GC invocations=123 (full 104):
 garbage-first heap   total 95232K, used 44744K [0x00000000c0000000, 0x0000000100000000)
  region size 1024K, 0 young (0K), 0 survivors (0K)
 Metaspace       used 56689K, committed 57984K, reserved 1114112K
  class space    used 7041K, committed 7552K, reserved 1048576K
}
Event: 4630.322 GC heap before
{Heap before GC invocations=123 (full 104):
 garbage-first heap   total 95232K, used 44744K [0x00000000c0000000, 0x0000000100000000)
  region size 1024K, 1 young (1024K), 0 survivors (0K)
 Metaspace       used 56689K, committed 57984K, reserved 1114112K
  class space    used 7041K, committed 7552K, reserved 1048576K
}
Event: 4630.399 GC heap after
{Heap after GC invocations=124 (full 105):
 garbage-first heap   total 95232K, used 44744K [0x00000000c0000000, 0x0000000100000000)
  region size 1024K, 0 young (0K), 0 survivors (0K)
 Metaspace       used 56689K, committed 57984K, reserved 1114112K
  class space    used 7041K, committed 7552K, reserved 1048576K
}
Event: 4641.295 GC heap before
{Heap before GC invocations=124 (full 105):
 garbage-first heap   total 95232K, used 44744K [0x00000000c0000000, 0x0000000100000000)
  region size 1024K, 1 young (1024K), 0 survivors (0K)
 Metaspace       used 56689K, committed 57984K, reserved 1114112K
  class space    used 7041K, committed 7552K, reserved 1048576K
}
Event: 4641.415 GC heap after
{Heap after GC invocations=125 (full 106):
 garbage-first heap   total 95232K, used 44744K [0x00000000c0000000, 0x0000000100000000)
  region size 1024K, 0 young (0K), 0 survivors (0K)
 Metaspace       used 56689K, committed 57984K, reserved 1114112K
  class space    used 7041K, committed 7552K, reserved 1048576K
}
Event: 4651.920 GC heap before
{Heap before GC invocations=125 (full 106):
 garbage-first heap   total 95232K, used 44744K [0x00000000c0000000, 0x0000000100000000)
  region size 1024K, 1 young (1024K), 0 survivors (0K)
 Metaspace       used 56689K, committed 57984K, reserved 1114112K
  class space    used 7041K, committed 7552K, reserved 1048576K
}
Event: 4651.996 GC heap after
{Heap after GC invocations=126 (full 107):
 garbage-first heap   total 95232K, used 44744K [0x00000000c0000000, 0x0000000100000000)
  region size 1024K, 0 young (0K), 0 survivors (0K)
 Metaspace       used 56689K, committed 57984K, reserved 1114112K
  class space    used 7041K, committed 7552K, reserved 1048576K
}
Event: 4664.076 GC heap before
{Heap before GC invocations=126 (full 107):
 garbage-first heap   total 95232K, used 44744K [0x00000000c0000000, 0x0000000100000000)
  region size 1024K, 1 young (1024K), 0 survivors (0K)
 Metaspace       used 56689K, committed 57984K, reserved 1114112K
  class space    used 7041K, committed 7552K, reserved 1048576K
}

