# JRE version: OpenJDK Runtime Environment Temurin-21.0.5+11 (21.0.5+11) (build 21.0.5+11-LTS)
# Java VM: OpenJDK 64-Bit Server VM Temurin-21.0.5+11 (21.0.5+11-LTS, mixed mode, emulated-client, sharing, tiered, compressed oops, compressed class ptrs, g1 gc, windows-amd64)
GC Precious Log:
 CardTable entry size: 512
 Card Set container configuration: InlinePtr #cards 5 size 8 Array Of Cards #cards 12 size 40 Howl #buckets 4 coarsen threshold 1843 Howl Bitmap #cards 512 size 80 coarsen threshold 460 Card regions per heap region 1 cards per card region 2048
 CPUs: 4 total, 4 available
 Memory: 6086M
 Large Page Support: Disabled
 NUMA Support: Disabled
 Compressed Oops: Enabled (32-bit)
 Heap Region Size: 1M
 Heap Min Capacity: 8M
 Heap Initial Capacity: 96M
 Heap Max Capacity: 1G
 Pre-touch: Disabled
 Parallel Workers: 4
 Concurrent Workers: 1
 Concurrent Refinement Workers: 4
 Periodic GC: Disabled
Heap:
 garbage-first heap   total 94208K, used 32865K [0x00000000c0000000, 0x0000000100000000)
  region size 1024K, 1 young (1024K), 0 survivors (0K)
 Metaspace       used 45690K, committed 46784K, reserved 1114112K
  class space    used 5904K, committed 6336K, reserved 1048576K
GC Heap History (20 events):
Event: 1496.703 GC heap after
{Heap after GC invocations=134 (full 123):
 garbage-first heap   total 94208K, used 32864K [0x00000000c0000000, 0x0000000100000000)
  region size 1024K, 0 young (0K), 0 survivors (0K)
 Metaspace       used 45690K, committed 46784K, reserved 1114112K
  class space    used 5904K, committed 6336K, reserved 1048576K
}
Event: 1509.197 GC heap before
{Heap before GC invocations=134 (full 123):
 garbage-first heap   total 94208K, used 32864K [0x00000000c0000000, 0x0000000100000000)
  region size 1024K, 1 young (1024K), 0 survivors (0K)
 Metaspace       used 45690K, committed 46784K, reserved 1114112K
  class space    used 5904K, committed 6336K, reserved 1048576K
}
Event: 1509.243 GC heap after
{Heap after GC invocations=135 (full 124):
 garbage-first heap   total 94208K, used 32864K [0x00000000c0000000, 0x0000000100000000)
  region size 1024K, 0 young (0K), 0 survivors (0K)
 Metaspace       used 45690K, committed 46784K, reserved 1114112K
  class space    used 5904K, committed 6336K, reserved 1048576K
}
Event: 1522.432 GC heap before
{Heap before GC invocations=135 (full 124):
 garbage-first heap   total 94208K, used 32864K [0x00000000c0000000, 0x0000000100000000)
  region size 1024K, 1 young (1024K), 0 survivors (0K)
 Metaspace       used 45690K, committed 46784K, reserved 1114112K
  class space    used 5904K, committed 6336K, reserved 1048576K
}
Event: 1522.482 GC heap after
{Heap after GC invocations=136 (full 125):
 garbage-first heap   total 94208K, used 32864K [0x00000000c0000000, 0x0000000100000000)
  region size 1024K, 0 young (0K), 0 survivors (0K)
 Metaspace       used 45690K, committed 46784K, reserved 1114112K
  class space    used 5904K, committed 6336K, reserved 1048576K
}
Event: 1536.917 GC heap before
{Heap before GC invocations=136 (full 125):
 garbage-first heap   total 94208K, used 32864K [0x00000000c0000000, 0x0000000100000000)
  region size 1024K, 1 young (1024K), 0 survivors (0K)
 Metaspace       used 45690K, committed 46784K, reserved 1114112K
  class space    used 5904K, committed 6336K, reserved 1048576K
}
Event: 1536.965 GC heap after
{Heap after GC invocations=137 (full 126):
 garbage-first heap   total 94208K, used 32864K [0x00000000c0000000, 0x0000000100000000)
  region size 1024K, 0 young (0K), 0 survivors (0K)
 Metaspace       used 45690K, committed 46784K, reserved 1114112K
  class space    used 5904K, committed 6336K, reserved 1048576K
}
Event: 1548.852 GC heap before
{Heap before GC invocations=137 (full 126):
 garbage-first heap   total 94208K, used 32864K [0x00000000c0000000, 0x0000000100000000)
  region size 1024K, 1 young (1024K), 0 survivors (0K)
 Metaspace       used 45690K, committed 46784K, reserved 1114112K
  class space    used 5904K, committed 6336K, reserved 1048576K
}
Event: 1548.890 GC heap after
{Heap after GC invocations=138 (full 127):
 garbage-first heap   total 94208K, used 32864K [0x00000000c0000000, 0x0000000100000000)
  region size 1024K, 0 young (0K), 0 survivors (0K)
 Metaspace       used 45690K, committed 46784K, reserved 1114112K
  class space    used 5904K, committed 6336K, reserved 1048576K
}
Event: 1562.527 GC heap before
{Heap before GC invocations=138 (full 127):
 garbage-first heap   total 94208K, used 32864K [0x00000000c0000000, 0x0000000100000000)
  region size 1024K, 1 young (1024K), 0 survivors (0K)
 Metaspace       used 45690K, committed 46784K, reserved 1114112K
  class space    used 5904K, committed 6336K, reserved 1048576K
}
Event: 1562.565 GC heap after
{Heap after GC invocations=139 (full 128):
 garbage-first heap   total 94208K, used 32864K [0x00000000c0000000, 0x0000000100000000)
  region size 1024K, 0 young (0K), 0 survivors (0K)
 Metaspace       used 45690K, committed 46784K, reserved 1114112K
  class space    used 5904K, committed 6336K, reserved 1048576K
}
Event: 1576.118 GC heap before
{Heap before GC invocations=139 (full 128):
 garbage-first heap   total 94208K, used 32864K [0x00000000c0000000, 0x0000000100000000)
  region size 1024K, 1 young (1024K), 0 survivors (0K)
 Metaspace       used 45690K, committed 46784K, reserved 1114112K
  class space    used 5904K, committed 6336K, reserved 1048576K
}
Event: 1576.166 GC heap after
{Heap after GC invocations=140 (full 129):
 garbage-first heap   total 94208K, used 32865K [0x00000000c0000000, 0x0000000100000000)
  region size 1024K, 0 young (0K), 0 survivors (0K)
 Metaspace       used 45690K, committed 46784K, reserved 1114112K
  class space    used 5904K, committed 6336K, reserved 1048576K
}
Event: 1589.625 GC heap before
{Heap before GC invocations=140 (full 129):
 garbage-first heap   total 94208K, used 32865K [0x00000000c0000000, 0x0000000100000000)
  region size 1024K, 1 young (1024K), 0 survivors (0K)
 Metaspace       used 45690K, committed 46784K, reserved 1114112K
  class space    used 5904K, committed 6336K, reserved 1048576K
}
Event: 1589.670 GC heap after
{Heap after GC invocations=141 (full 130):
 garbage-first heap   total 94208K, used 32865K [0x00000000c0000000, 0x0000000100000000)
  region size 1024K, 0 young (0K), 0 survivors (0K)
 Metaspace       used 45690K, committed 46784K, reserved 1114112K
  class space    used 5904K, committed 6336K, reserved 1048576K
}
Event: 1602.105 GC heap before
{Heap before GC invocations=141 (full 130):
 garbage-first heap   total 94208K, used 32865K [0x00000000c0000000, 0x0000000100000000)
  region size 1024K, 1 young (1024K), 0 survivors (0K)
 Metaspace       used 45690K, committed 46784K, reserved 1114112K
  class space    used 5904K, committed 6336K, reserved 1048576K
}
Event: 1602.149 GC heap after
{Heap after GC invocations=142 (full 131):
 garbage-first heap   total 94208K, used 32865K [0x00000000c0000000, 0x0000000100000000)
  region size 1024K, 0 young (0K), 0 survivors (0K)
 Metaspace       used 45690K, committed 46784K, reserved 1114112K
  class space    used 5904K, committed 6336K, reserved 1048576K
}
Event: 1615.241 GC heap before
{Heap before GC invocations=142 (full 131):
 garbage-first heap   total 94208K, used 32865K [0x00000000c0000000, 0x0000000100000000)
  region size 1024K, 1 young (1024K), 0 survivors (0K)
 Metaspace       used 45690K, committed 46784K, reserved 1114112K
  class space    used 5904K, committed 6336K, reserved 1048576K
}
Event: 1615.284 GC heap after
{Heap after GC invocations=143 (full 132):
 garbage-first heap   total 94208K, used 32865K [0x00000000c0000000, 0x0000000100000000)
  region size 1024K, 0 young (0K), 0 survivors (0K)
 Metaspace       used 45690K, committed 46784K, reserved 1114112K
  class space    used 5904K, committed 6336K, reserved 1048576K
}
Event: 1628.582 GC heap before
{Heap before GC invocations=143 (full 132):
 garbage-first heap   total 94208K, used 32865K [0x00000000c0000000, 0x0000000100000000)
  region size 1024K, 1 young (1024K), 0 survivors (0K)
 Metaspace       used 45690K, committed 46784K, reserved 1114112K
  class space    used 5904K, committed 6336K, reserved 1048576K
}

